# JRE version: OpenJDK Runtime Environment (11.0.7+10) (build 11.0.7+10-b765.64)
# Java VM: OpenJDK 64-Bit Server VM (11.0.7+10-b765.64, mixed mode, tiered, compressed oops, concurrent mark sweep gc, linux-amd64)
Heap:
 par new generation   total 39296K, used 20548K [0x00000000d1200000, 0x00000000d3ca0000, 0x00000000e0c00000)
  eden space 34944K,  58% used [0x00000000d1200000, 0x00000000d260c710, 0x00000000d3420000)
  from space 4352K,   0% used [0x00000000d3860000, 0x00000000d3864a08, 0x00000000d3ca0000)
  to   space 4352K,   0% used [0x00000000d3420000, 0x00000000d3420000, 0x00000000d3860000)
 concurrent mark-sweep generation total 216124K, used 132300K [0x00000000e0c00000, 0x00000000edf0f000, 0x0000000100000000)
 Metaspace       used 219038K, capacity 225690K, committed 226440K, reserved 1249280K
  class space    used 25250K, capacity 27856K, committed 28152K, reserved 1048576K
GC Heap History (20 events):
Event: 138975.981 GC heap before
{Heap before GC invocations=559 (full 24):
 par new generation   total 39296K, used 35465K [0x00000000d1200000, 0x00000000d3ca0000, 0x00000000e0c00000)
  eden space 34944K, 100% used [0x00000000d1200000, 0x00000000d3420000, 0x00000000d3420000)
  from space 4352K,  11% used [0x00000000d3860000, 0x00000000d38e2470, 0x00000000d3ca0000)
  to   space 4352K,   0% used [0x00000000d3420000, 0x00000000d3420000, 0x00000000d3860000)
 concurrent mark-sweep generation total 204456K, used 120113K [0x00000000e0c00000, 0x00000000ed3aa000, 0x0000000100000000)
 Metaspace       used 219013K, capacity 225690K, committed 226440K, reserved 1249280K
  class space    used 25248K, capacity 27856K, committed 28152K, reserved 1048576K
}
Event: 138975.994 GC heap after
{Heap after GC invocations=560 (full 24):
 par new generation   total 39296K, used 4310K [0x00000000d1200000, 0x00000000d3ca0000, 0x00000000e0c00000)
  eden space 34944K,   0% used [0x00000000d1200000, 0x00000000d1200000, 0x00000000d3420000)
  from space 4352K,  99% used [0x00000000d3420000, 0x00000000d3855a78, 0x00000000d3860000)
  to   space 4352K,   0% used [0x00000000d3860000, 0x00000000d3860000, 0x00000000d3ca0000)
 concurrent mark-sweep generation total 208236K, used 123889K [0x00000000e0c00000, 0x00000000ed75b000, 0x0000000100000000)
 Metaspace       used 219013K, capacity 225690K, committed 226440K, reserved 1249280K
  class space    used 25248K, capacity 27856K, committed 28152K, reserved 1048576K
}
Event: 139338.637 GC heap before
{Heap before GC invocations=560 (full 24):
 par new generation   total 39296K, used 39254K [0x00000000d1200000, 0x00000000d3ca0000, 0x00000000e0c00000)
  eden space 34944K, 100% used [0x00000000d1200000, 0x00000000d3420000, 0x00000000d3420000)
  from space 4352K,  99% used [0x00000000d3420000, 0x00000000d3855a78, 0x00000000d3860000)
  to   space 4352K,   0% used [0x00000000d3860000, 0x00000000d3860000, 0x00000000d3ca0000)
 concurrent mark-sweep generation total 208236K, used 123889K [0x00000000e0c00000, 0x00000000ed75b000, 0x0000000100000000)
 Metaspace       used 219020K, capacity 225690K, committed 226440K, reserved 1249280K
  class space    used 25248K, capacity 27856K, committed 28152K, reserved 1048576K
}
Event: 139338.652 GC heap after
{Heap after GC invocations=561 (full 24):
 par new generation   total 39296K, used 4352K [0x00000000d1200000, 0x00000000d3ca0000, 0x00000000e0c00000)
  eden space 34944K,   0% used [0x00000000d1200000, 0x00000000d1200000, 0x00000000d3420000)
  from space 4352K, 100% used [0x00000000d3860000, 0x00000000d3ca0000, 0x00000000d3ca0000)
  to   space 4352K,   0% used [0x00000000d3420000, 0x00000000d3420000, 0x00000000d3860000)
 concurrent mark-sweep generation total 216124K, used 131996K [0x00000000e0c00000, 0x00000000edf0f000, 0x0000000100000000)
 Metaspace       used 219020K, capacity 225690K, committed 226440K, reserved 1249280K
  class space    used 25248K, capacity 27856K, committed 28152K, reserved 1048576K
}
Event: 139893.838 GC heap before
{Heap before GC invocations=561 (full 24):
 par new generation   total 39296K, used 39296K [0x00000000d1200000, 0x00000000d3ca0000, 0x00000000e0c00000)
  eden space 34944K, 100% used [0x00000000d1200000, 0x00000000d3420000, 0x00000000d3420000)
  from space 4352K, 100% used [0x00000000d3860000, 0x00000000d3ca0000, 0x00000000d3ca0000)
  to   space 4352K,   0% used [0x00000000d3420000, 0x00000000d3420000, 0x00000000d3860000)
 concurrent mark-sweep generation total 216124K, used 131996K [0x00000000e0c00000, 0x00000000edf0f000, 0x0000000100000000)
 Metaspace       used 219020K, capacity 225690K, committed 226440K, reserved 1249280K
  class space    used 25248K, capacity 27856K, committed 28152K, reserved 1048576K
}
Event: 139893.843 GC heap after
{Heap after GC invocations=562 (full 24):
 par new generation   total 39296K, used 70K [0x00000000d1200000, 0x00000000d3ca0000, 0x00000000e0c00000)
  eden space 34944K,   0% used [0x00000000d1200000, 0x00000000d1200000, 0x00000000d3420000)
  from space 4352K,   1% used [0x00000000d3420000, 0x00000000d3431b00, 0x00000000d3860000)
  to   space 4352K,   0% used [0x00000000d3860000, 0x00000000d3860000, 0x00000000d3ca0000)
 concurrent mark-sweep generation total 216124K, used 132299K [0x00000000e0c00000, 0x00000000edf0f000, 0x0000000100000000)
 Metaspace       used 219020K, capacity 225690K, committed 226440K, reserved 1249280K
  class space    used 25248K, capacity 27856K, committed 28152K, reserved 1048576K
}
Event: 140447.689 GC heap before
{Heap before GC invocations=562 (full 24):
 par new generation   total 39296K, used 35014K [0x00000000d1200000, 0x00000000d3ca0000, 0x00000000e0c00000)
  eden space 34944K, 100% used [0x00000000d1200000, 0x00000000d3420000, 0x00000000d3420000)
  from space 4352K,   1% used [0x00000000d3420000, 0x00000000d3431b00, 0x00000000d3860000)
  to   space 4352K,   0% used [0x00000000d3860000, 0x00000000d3860000, 0x00000000d3ca0000)
 concurrent mark-sweep generation total 216124K, used 132299K [0x00000000e0c00000, 0x00000000edf0f000, 0x0000000100000000)
 Metaspace       used 219020K, capacity 225690K, committed 226440K, reserved 1249280K
  class space    used 25248K, capacity 27856K, committed 28152K, reserved 1048576K
}
Event: 140447.691 GC heap after
{Heap after GC invocations=563 (full 24):
 par new generation   total 39296K, used 17K [0x00000000d1200000, 0x00000000d3ca0000, 0x00000000e0c00000)
  eden space 34944K,   0% used [0x00000000d1200000, 0x00000000d1200000, 0x00000000d3420000)
  from space 4352K,   0% used [0x00000000d3860000, 0x00000000d3864740, 0x00000000d3ca0000)
  to   space 4352K,   0% used [0x00000000d3420000, 0x00000000d3420000, 0x00000000d3860000)
 concurrent mark-sweep generation total 216124K, used 132299K [0x00000000e0c00000, 0x00000000edf0f000, 0x0000000100000000)
 Metaspace       used 219020K, capacity 225690K, committed 226440K, reserved 1249280K
  class space    used 25248K, capacity 27856K, committed 28152K, reserved 1048576K
}
Event: 141006.808 GC heap before
{Heap before GC invocations=563 (full 24):
 par new generation   total 39296K, used 34961K [0x00000000d1200000, 0x00000000d3ca0000, 0x00000000e0c00000)
  eden space 34944K, 100% used [0x00000000d1200000, 0x00000000d3420000, 0x00000000d3420000)
  from space 4352K,   0% used [0x00000000d3860000, 0x00000000d3864740, 0x00000000d3ca0000)
  to   space 4352K,   0% used [0x00000000d3420000, 0x00000000d3420000, 0x00000000d3860000)
 concurrent mark-sweep generation total 216124K, used 132299K [0x00000000e0c00000, 0x00000000edf0f000, 0x0000000100000000)
 Metaspace       used 219020K, capacity 225690K, committed 226440K, reserved 1249280K
  class space    used 25248K, capacity 27856K, committed 28152K, reserved 1048576K
}
Event: 141006.810 GC heap after
{Heap after GC invocations=564 (full 24):
 par new generation   total 39296K, used 18K [0x00000000d1200000, 0x00000000d3ca0000, 0x00000000e0c00000)
  eden space 34944K,   0% used [0x00000000d1200000, 0x00000000d1200000, 0x00000000d3420000)
  from space 4352K,   0% used [0x00000000d3420000, 0x00000000d3424a08, 0x00000000d3860000)
  to   space 4352K,   0% used [0x00000000d3860000, 0x00000000d3860000, 0x00000000d3ca0000)
 concurrent mark-sweep generation total 216124K, used 132299K [0x00000000e0c00000, 0x00000000edf0f000, 0x0000000100000000)
 Metaspace       used 219020K, capacity 225690K, committed 226440K, reserved 1249280K
  class space    used 25248K, capacity 27856K, committed 28152K, reserved 1048576K
}
Event: 141560.520 GC heap before
{Heap before GC invocations=564 (full 24):
 par new generation   total 39296K, used 34962K [0x00000000d1200000, 0x00000000d3ca0000, 0x00000000e0c00000)
  eden space 34944K, 100% used [0x00000000d1200000, 0x00000000d3420000, 0x00000000d3420000)
  from space 4352K,   0% used [0x00000000d3420000, 0x00000000d3424a08, 0x00000000d3860000)
  to   space 4352K,   0% used [0x00000000d3860000, 0x00000000d3860000, 0x00000000d3ca0000)
 concurrent mark-sweep generation total 216124K, used 132299K [0x00000000e0c00000, 0x00000000edf0f000, 0x0000000100000000)
 Metaspace       used 219020K, capacity 225690K, committed 226440K, reserved 1249280K
  class space    used 25248K, capacity 27856K, committed 28152K, reserved 1048576K
}
Event: 141560.522 GC heap after
{Heap after GC invocations=565 (full 24):
 par new generation   total 39296K, used 18K [0x00000000d1200000, 0x00000000d3ca0000, 0x00000000e0c00000)
  eden space 34944K,   0% used [0x00000000d1200000, 0x00000000d1200000, 0x00000000d3420000)
  from space 4352K,   0% used [0x00000000d3860000, 0x00000000d3864b80, 0x00000000d3ca0000)
  to   space 4352K,   0% used [0x00000000d3420000, 0x00000000d3420000, 0x00000000d3860000)
 concurrent mark-sweep generation total 216124K, used 132299K [0x00000000e0c00000, 0x00000000edf0f000, 0x0000000100000000)
 Metaspace       used 219020K, capacity 225690K, committed 226440K, reserved 1249280K
  class space    used 25248K, capacity 27856K, committed 28152K, reserved 1048576K
}
Event: 142118.856 GC heap before
{Heap before GC invocations=565 (full 24):
 par new generation   total 39296K, used 34962K [0x00000000d1200000, 0x00000000d3ca0000, 0x00000000e0c00000)
  eden space 34944K, 100% used [0x00000000d1200000, 0x00000000d3420000, 0x00000000d3420000)
  from space 4352K,   0% used [0x00000000d3860000, 0x00000000d3864b80, 0x00000000d3ca0000)
  to   space 4352K,   0% used [0x00000000d3420000, 0x00000000d3420000, 0x00000000d3860000)
 concurrent mark-sweep generation total 216124K, used 132299K [0x00000000e0c00000, 0x00000000edf0f000, 0x0000000100000000)
 Metaspace       used 219020K, capacity 225690K, committed 226440K, reserved 1249280K
  class space    used 25248K, capacity 27856K, committed 28152K, reserved 1048576K
}
Event: 142118.860 GC heap after
{Heap after GC invocations=566 (full 24):
 par new generation   total 39296K, used 18K [0x00000000d1200000, 0x00000000d3ca0000, 0x00000000e0c00000)
  eden space 34944K,   0% used [0x00000000d1200000, 0x00000000d1200000, 0x00000000d3420000)
  from space 4352K,   0% used [0x00000000d3420000, 0x00000000d3424b80, 0x00000000d3860000)
  to   space 4352K,   0% used [0x00000000d3860000, 0x00000000d3860000, 0x00000000d3ca0000)
 concurrent mark-sweep generation total 216124K, used 132299K [0x00000000e0c00000, 0x00000000edf0f000, 0x0000000100000000)
 Metaspace       used 219020K, capacity 225690K, committed 226440K, reserved 1249280K
  class space    used 25248K, capacity 27856K, committed 28152K, reserved 1048576K
}
Event: 142675.152 GC heap before
{Heap before GC invocations=566 (full 24):
 par new generation   total 39296K, used 34962K [0x00000000d1200000, 0x00000000d3ca0000, 0x00000000e0c00000)
  eden space 34944K, 100% used [0x00000000d1200000, 0x00000000d3420000, 0x00000000d3420000)
  from space 4352K,   0% used [0x00000000d3420000, 0x00000000d3424b80, 0x00000000d3860000)
  to   space 4352K,   0% used [0x00000000d3860000, 0x00000000d3860000, 0x00000000d3ca0000)
 concurrent mark-sweep generation total 216124K, used 132299K [0x00000000e0c00000, 0x00000000edf0f000, 0x0000000100000000)
 Metaspace       used 219021K, capacity 225690K, committed 226440K, reserved 1249280K
  class space    used 25248K, capacity 27856K, committed 28152K, reserved 1048576K
}
Event: 142675.153 GC heap after
{Heap after GC invocations=567 (full 24):
 par new generation   total 39296K, used 18K [0x00000000d1200000, 0x00000000d3ca0000, 0x00000000e0c00000)
  eden space 34944K,   0% used [0x00000000d1200000, 0x00000000d1200000, 0x00000000d3420000)
  from space 4352K,   0% used [0x00000000d3860000, 0x00000000d3864b80, 0x00000000d3ca0000)
  to   space 4352K,   0% used [0x00000000d3420000, 0x00000000d3420000, 0x00000000d3860000)
 concurrent mark-sweep generation total 216124K, used 132299K [0x00000000e0c00000, 0x00000000edf0f000, 0x0000000100000000)
 Metaspace       used 219021K, capacity 225690K, committed 226440K, reserved 1249280K
  class space    used 25248K, capacity 27856K, committed 28152K, reserved 1048576K
}
Event: 143230.447 GC heap before
{Heap before GC invocations=567 (full 24):
 par new generation   total 39296K, used 34962K [0x00000000d1200000, 0x00000000d3ca0000, 0x00000000e0c00000)
  eden space 34944K, 100% used [0x00000000d1200000, 0x00000000d3420000, 0x00000000d3420000)
  from space 4352K,   0% used [0x00000000d3860000, 0x00000000d3864b80, 0x00000000d3ca0000)
  to   space 4352K,   0% used [0x00000000d3420000, 0x00000000d3420000, 0x00000000d3860000)
 concurrent mark-sweep generation total 216124K, used 132299K [0x00000000e0c00000, 0x00000000edf0f000, 0x0000000100000000)
 Metaspace       used 219021K, capacity 225690K, committed 226440K, reserved 1249280K
  class space    used 25248K, capacity 27856K, committed 28152K, reserved 1048576K
}
Event: 143230.449 GC heap after
{Heap after GC invocations=568 (full 24):
 par new generation   total 39296K, used 19K [0x00000000d1200000, 0x00000000d3ca0000, 0x00000000e0c00000)
  eden space 34944K,   0% used [0x00000000d1200000, 0x00000000d1200000, 0x00000000d3420000)
  from space 4352K,   0% used [0x00000000d3420000, 0x00000000d3424cf8, 0x00000000d3860000)
  to   space 4352K,   0% used [0x00000000d3860000, 0x00000000d3860000, 0x00000000d3ca0000)
 concurrent mark-sweep generation total 216124K, used 132299K [0x00000000e0c00000, 0x00000000edf0f000, 0x0000000100000000)
 Metaspace       used 219021K, capacity 225690K, committed 226440K, reserved 1249280K
  class space    used 25248K, capacity 27856K, committed 28152K, reserved 1048576K
}
Event: 143786.192 GC heap before
{Heap before GC invocations=568 (full 24):
 par new generation   total 39296K, used 34963K [0x00000000d1200000, 0x00000000d3ca0000, 0x00000000e0c00000)
  eden space 34944K, 100% used [0x00000000d1200000, 0x00000000d3420000, 0x00000000d3420000)
  from space 4352K,   0% used [0x00000000d3420000, 0x00000000d3424cf8, 0x00000000d3860000)
  to   space 4352K,   0% used [0x00000000d3860000, 0x00000000d3860000, 0x00000000d3ca0000)
 concurrent mark-sweep generation total 216124K, used 132299K [0x00000000e0c00000, 0x00000000edf0f000, 0x0000000100000000)
 Metaspace       used 219021K, capacity 225690K, committed 226440K, reserved 1249280K
  class space    used 25248K, capacity 27856K, committed 28152K, reserved 1048576K
}
Event: 143786.194 GC heap after
{Heap after GC invocations=569 (full 24):
 par new generation   total 39296K, used 18K [0x00000000d1200000, 0x00000000d3ca0000, 0x00000000e0c00000)
  eden space 34944K,   0% used [0x00000000d1200000, 0x00000000d1200000, 0x00000000d3420000)
  from space 4352K,   0% used [0x00000000d3860000, 0x00000000d3864a08, 0x00000000d3ca0000)
  to   space 4352K,   0% used [0x00000000d3420000, 0x00000000d3420000, 0x00000000d3860000)
 concurrent mark-sweep generation total 216124K, used 132300K [0x00000000e0c00000, 0x00000000edf0f000, 0x0000000100000000)
 Metaspace       used 219021K, capacity 225690K, committed 226440K, reserved 1249280K
  class space    used 25248K, capacity 27856K, committed 28152K, reserved 1048576K
}

